<?xml version="1.0" encoding="UTF-8"?>
<!-- Generated by org.testng.reporters.JUnitReportReporter -->
<testsuite hostname="DESKTOP-FAAS73U" failures="0" tests="1" name="seleniumProject.ExtentReport" time="12.385" errors="0" timestamp="2023-08-01T16:44:10 IST" skipped="0">
  <testcase classname="seleniumProject.ExtentReport" name="initialDemo" time="12.385"/>
  <system-out/>
</testsuite> <!-- seleniumProject.ExtentReport -->
